<?xml version="1.0" encoding="UTF-8"?>
<testng-results ignored="0" total="1" passed="1" failed="0" skipped="0">
  <reporter-output>
  </reporter-output>
  <suite started-at="2023-07-07T18:26:27 IST" name="Default suite" finished-at="2023-07-07T18:26:54 IST" duration-ms="27704">
    <groups>
    </groups>
    <test started-at="2023-07-07T18:26:27 IST" name="Default test" finished-at="2023-07-07T18:26:54 IST" duration-ms="27704">
      <class name="tests.GoogleMapRouteTest">
        <test-method is-config="true" signature="openApplication()[pri:0, instance:tests.GoogleMapRouteTest@2034b64c]" started-at="2023-07-07T18:26:27 IST" name="openApplication" finished-at="2023-07-07T18:26:32 IST" duration-ms="4978" status="PASS">
          <reporter-output>
          </reporter-output>
        </test-method> <!-- openApplication -->
        <test-method signature="gMapRoute()[pri:0, instance:tests.GoogleMapRouteTest@2034b64c]" started-at="2023-07-07T18:26:32 IST" name="gMapRoute" finished-at="2023-07-07T18:26:54 IST" duration-ms="22328" status="PASS">
          <reporter-output>
          </reporter-output>
        </test-method> <!-- gMapRoute -->
        <test-method is-config="true" signature="closeApplication()[pri:0, instance:tests.GoogleMapRouteTest@2034b64c]" started-at="2023-07-07T18:26:54 IST" name="closeApplication" finished-at="2023-07-07T18:26:54 IST" duration-ms="358" status="PASS">
          <reporter-output>
          </reporter-output>
        </test-method> <!-- closeApplication -->
      </class> <!-- tests.GoogleMapRouteTest -->
    </test> <!-- Default test -->
  </suite> <!-- Default suite -->
</testng-results>
